<?xml version="1.0" encoding="UTF-8"?>
<testsuite xmlns:xsi="http://www.w3.org/2001/XMLSchema-instance" xsi:noNamespaceSchemaLocation="https://maven.apache.org/surefire/maven-surefire-plugin/xsd/surefire-test-report.xsd" name="com.muyan.springboot.myspringtransaction.service.UserServiceTest" time="0.001" tests="1" errors="0" skipped="0" failures="0">
  <properties>
    <property name="sun.desktop" value="windows"/>
    <property name="awt.toolkit" value="sun.awt.windows.WToolkit"/>
    <property name="file.encoding.pkg" value="sun.io"/>
    <property name="java.specification.version" value="1.8"/>
    <property name="sun.cpu.isalist" value="amd64"/>
    <property name="sun.jnu.encoding" value="GBK"/>
    <property name="java.class.path" value="D:\ideaSpace\myspring-transaction\target\test-classes;D:\ideaSpace\myspring-transaction\target\classes;E:\Program Files\mavenLib_ssm\org\springframework\boot\spring-boot-starter\2.0.6.RELEASE\spring-boot-starter-2.0.6.RELEASE.jar;E:\Program Files\mavenLib_ssm\org\springframework\boot\spring-boot\2.0.6.RELEASE\spring-boot-2.0.6.RELEASE.jar;E:\Program Files\mavenLib_ssm\org\springframework\spring-context\5.0.10.RELEASE\spring-context-5.0.10.RELEASE.jar;E:\Program Files\mavenLib_ssm\org\springframework\spring-aop\5.0.10.RELEASE\spring-aop-5.0.10.RELEASE.jar;E:\Program Files\mavenLib_ssm\org\springframework\spring-expression\5.0.10.RELEASE\spring-expression-5.0.10.RELEASE.jar;E:\Program Files\mavenLib_ssm\org\springframework\boot\spring-boot-autoconfigure\2.0.6.RELEASE\spring-boot-autoconfigure-2.0.6.RELEASE.jar;E:\Program Files\mavenLib_ssm\org\springframework\boot\spring-boot-starter-logging\2.0.6.RELEASE\spring-boot-starter-logging-2.0.6.RELEASE.jar;E:\Program Files\mavenLib_ssm\ch\qos\logback\logback-classic\1.2.3\logback-classic-1.2.3.jar;E:\Program Files\mavenLib_ssm\ch\qos\logback\logback-core\1.2.3\logback-core-1.2.3.jar;E:\Program Files\mavenLib_ssm\org\apache\logging\log4j\log4j-to-slf4j\2.10.0\log4j-to-slf4j-2.10.0.jar;E:\Program Files\mavenLib_ssm\org\apache\logging\log4j\log4j-api\2.10.0\log4j-api-2.10.0.jar;E:\Program Files\mavenLib_ssm\org\slf4j\jul-to-slf4j\1.7.25\jul-to-slf4j-1.7.25.jar;E:\Program Files\mavenLib_ssm\javax\annotation\javax.annotation-api\1.3.2\javax.annotation-api-1.3.2.jar;E:\Program Files\mavenLib_ssm\org\springframework\spring-core\5.0.10.RELEASE\spring-core-5.0.10.RELEASE.jar;E:\Program Files\mavenLib_ssm\org\springframework\spring-jcl\5.0.10.RELEASE\spring-jcl-5.0.10.RELEASE.jar;E:\Program Files\mavenLib_ssm\org\yaml\snakeyaml\1.19\snakeyaml-1.19.jar;E:\Program Files\mavenLib_ssm\org\springframework\boot\spring-boot-starter-jdbc\2.0.6.RELEASE\spring-boot-starter-jdbc-2.0.6.RELEASE.jar;E:\Program Files\mavenLib_ssm\com\zaxxer\HikariCP\2.7.9\HikariCP-2.7.9.jar;E:\Program Files\mavenLib_ssm\org\slf4j\slf4j-api\1.7.25\slf4j-api-1.7.25.jar;E:\Program Files\mavenLib_ssm\org\springframework\spring-jdbc\5.0.10.RELEASE\spring-jdbc-5.0.10.RELEASE.jar;E:\Program Files\mavenLib_ssm\org\springframework\spring-beans\5.0.10.RELEASE\spring-beans-5.0.10.RELEASE.jar;E:\Program Files\mavenLib_ssm\org\springframework\spring-tx\5.0.10.RELEASE\spring-tx-5.0.10.RELEASE.jar;E:\Program Files\mavenLib_ssm\mysql\mysql-connector-java\5.1.47\mysql-connector-java-5.1.47.jar;E:\Program Files\mavenLib_ssm\org\springframework\boot\spring-boot-starter-test\2.0.6.RELEASE\spring-boot-starter-test-2.0.6.RELEASE.jar;E:\Program Files\mavenLib_ssm\org\springframework\boot\spring-boot-test\2.0.6.RELEASE\spring-boot-test-2.0.6.RELEASE.jar;E:\Program Files\mavenLib_ssm\org\springframework\boot\spring-boot-test-autoconfigure\2.0.6.RELEASE\spring-boot-test-autoconfigure-2.0.6.RELEASE.jar;E:\Program Files\mavenLib_ssm\com\jayway\jsonpath\json-path\2.4.0\json-path-2.4.0.jar;E:\Program Files\mavenLib_ssm\net\minidev\json-smart\2.3\json-smart-2.3.jar;E:\Program Files\mavenLib_ssm\net\minidev\accessors-smart\1.2\accessors-smart-1.2.jar;E:\Program Files\mavenLib_ssm\org\ow2\asm\asm\5.0.4\asm-5.0.4.jar;E:\Program Files\mavenLib_ssm\junit\junit\4.12\junit-4.12.jar;E:\Program Files\mavenLib_ssm\org\assertj\assertj-core\3.9.1\assertj-core-3.9.1.jar;E:\Program Files\mavenLib_ssm\org\mockito\mockito-core\2.15.0\mockito-core-2.15.0.jar;E:\Program Files\mavenLib_ssm\net\bytebuddy\byte-buddy\1.7.11\byte-buddy-1.7.11.jar;E:\Program Files\mavenLib_ssm\net\bytebuddy\byte-buddy-agent\1.7.11\byte-buddy-agent-1.7.11.jar;E:\Program Files\mavenLib_ssm\org\objenesis\objenesis\2.6\objenesis-2.6.jar;E:\Program Files\mavenLib_ssm\org\hamcrest\hamcrest-core\1.3\hamcrest-core-1.3.jar;E:\Program Files\mavenLib_ssm\org\hamcrest\hamcrest-library\1.3\hamcrest-library-1.3.jar;E:\Program Files\mavenLib_ssm\org\skyscreamer\jsonassert\1.5.0\jsonassert-1.5.0.jar;E:\Program Files\mavenLib_ssm\com\vaadin\external\google\android-json\0.0.20131108.vaadin1\android-json-0.0.20131108.vaadin1.jar;E:\Program Files\mavenLib_ssm\org\springframework\spring-test\5.0.10.RELEASE\spring-test-5.0.10.RELEASE.jar;E:\Program Files\mavenLib_ssm\org\xmlunit\xmlunit-core\2.5.1\xmlunit-core-2.5.1.jar;"/>
    <property name="java.vm.vendor" value="Oracle Corporation"/>
    <property name="sun.arch.data.model" value="64"/>
    <property name="user.variant" value=""/>
    <property name="java.vendor.url" value="http://java.oracle.com/"/>
    <property name="user.timezone" value="Asia/Shanghai"/>
    <property name="java.vm.specification.version" value="1.8"/>
    <property name="os.name" value="Windows 7"/>
    <property name="user.country" value="CN"/>
    <property name="sun.java.launcher" value="SUN_STANDARD"/>
    <property name="sun.boot.library.path" value="C:\Program Files\Java\jdk1.8.0_45\jre\bin"/>
    <property name="sun.java.command" value="C:\Users\john\AppData\Local\Temp\surefire4201209258615367332\surefirebooter8994802737775359348.jar C:\Users\john\AppData\Local\Temp\surefire4201209258615367332 2019-08-29T17-01-21_333-jvmRun1 surefire904191442217284490tmp surefire_092493464359802858tmp"/>
    <property name="surefire.test.class.path" value="D:\ideaSpace\myspring-transaction\target\test-classes;D:\ideaSpace\myspring-transaction\target\classes;E:\Program Files\mavenLib_ssm\org\springframework\boot\spring-boot-starter\2.0.6.RELEASE\spring-boot-starter-2.0.6.RELEASE.jar;E:\Program Files\mavenLib_ssm\org\springframework\boot\spring-boot\2.0.6.RELEASE\spring-boot-2.0.6.RELEASE.jar;E:\Program Files\mavenLib_ssm\org\springframework\spring-context\5.0.10.RELEASE\spring-context-5.0.10.RELEASE.jar;E:\Program Files\mavenLib_ssm\org\springframework\spring-aop\5.0.10.RELEASE\spring-aop-5.0.10.RELEASE.jar;E:\Program Files\mavenLib_ssm\org\springframework\spring-expression\5.0.10.RELEASE\spring-expression-5.0.10.RELEASE.jar;E:\Program Files\mavenLib_ssm\org\springframework\boot\spring-boot-autoconfigure\2.0.6.RELEASE\spring-boot-autoconfigure-2.0.6.RELEASE.jar;E:\Program Files\mavenLib_ssm\org\springframework\boot\spring-boot-starter-logging\2.0.6.RELEASE\spring-boot-starter-logging-2.0.6.RELEASE.jar;E:\Program Files\mavenLib_ssm\ch\qos\logback\logback-classic\1.2.3\logback-classic-1.2.3.jar;E:\Program Files\mavenLib_ssm\ch\qos\logback\logback-core\1.2.3\logback-core-1.2.3.jar;E:\Program Files\mavenLib_ssm\org\apache\logging\log4j\log4j-to-slf4j\2.10.0\log4j-to-slf4j-2.10.0.jar;E:\Program Files\mavenLib_ssm\org\apache\logging\log4j\log4j-api\2.10.0\log4j-api-2.10.0.jar;E:\Program Files\mavenLib_ssm\org\slf4j\jul-to-slf4j\1.7.25\jul-to-slf4j-1.7.25.jar;E:\Program Files\mavenLib_ssm\javax\annotation\javax.annotation-api\1.3.2\javax.annotation-api-1.3.2.jar;E:\Program Files\mavenLib_ssm\org\springframework\spring-core\5.0.10.RELEASE\spring-core-5.0.10.RELEASE.jar;E:\Program Files\mavenLib_ssm\org\springframework\spring-jcl\5.0.10.RELEASE\spring-jcl-5.0.10.RELEASE.jar;E:\Program Files\mavenLib_ssm\org\yaml\snakeyaml\1.19\snakeyaml-1.19.jar;E:\Program Files\mavenLib_ssm\org\springframework\boot\spring-boot-starter-jdbc\2.0.6.RELEASE\spring-boot-starter-jdbc-2.0.6.RELEASE.jar;E:\Program Files\mavenLib_ssm\com\zaxxer\HikariCP\2.7.9\HikariCP-2.7.9.jar;E:\Program Files\mavenLib_ssm\org\slf4j\slf4j-api\1.7.25\slf4j-api-1.7.25.jar;E:\Program Files\mavenLib_ssm\org\springframework\spring-jdbc\5.0.10.RELEASE\spring-jdbc-5.0.10.RELEASE.jar;E:\Program Files\mavenLib_ssm\org\springframework\spring-beans\5.0.10.RELEASE\spring-beans-5.0.10.RELEASE.jar;E:\Program Files\mavenLib_ssm\org\springframework\spring-tx\5.0.10.RELEASE\spring-tx-5.0.10.RELEASE.jar;E:\Program Files\mavenLib_ssm\mysql\mysql-connector-java\5.1.47\mysql-connector-java-5.1.47.jar;E:\Program Files\mavenLib_ssm\org\springframework\boot\spring-boot-starter-test\2.0.6.RELEASE\spring-boot-starter-test-2.0.6.RELEASE.jar;E:\Program Files\mavenLib_ssm\org\springframework\boot\spring-boot-test\2.0.6.RELEASE\spring-boot-test-2.0.6.RELEASE.jar;E:\Program Files\mavenLib_ssm\org\springframework\boot\spring-boot-test-autoconfigure\2.0.6.RELEASE\spring-boot-test-autoconfigure-2.0.6.RELEASE.jar;E:\Program Files\mavenLib_ssm\com\jayway\jsonpath\json-path\2.4.0\json-path-2.4.0.jar;E:\Program Files\mavenLib_ssm\net\minidev\json-smart\2.3\json-smart-2.3.jar;E:\Program Files\mavenLib_ssm\net\minidev\accessors-smart\1.2\accessors-smart-1.2.jar;E:\Program Files\mavenLib_ssm\org\ow2\asm\asm\5.0.4\asm-5.0.4.jar;E:\Program Files\mavenLib_ssm\junit\junit\4.12\junit-4.12.jar;E:\Program Files\mavenLib_ssm\org\assertj\assertj-core\3.9.1\assertj-core-3.9.1.jar;E:\Program Files\mavenLib_ssm\org\mockito\mockito-core\2.15.0\mockito-core-2.15.0.jar;E:\Program Files\mavenLib_ssm\net\bytebuddy\byte-buddy\1.7.11\byte-buddy-1.7.11.jar;E:\Program Files\mavenLib_ssm\net\bytebuddy\byte-buddy-agent\1.7.11\byte-buddy-agent-1.7.11.jar;E:\Program Files\mavenLib_ssm\org\objenesis\objenesis\2.6\objenesis-2.6.jar;E:\Program Files\mavenLib_ssm\org\hamcrest\hamcrest-core\1.3\hamcrest-core-1.3.jar;E:\Program Files\mavenLib_ssm\org\hamcrest\hamcrest-library\1.3\hamcrest-library-1.3.jar;E:\Program Files\mavenLib_ssm\org\skyscreamer\jsonassert\1.5.0\jsonassert-1.5.0.jar;E:\Program Files\mavenLib_ssm\com\vaadin\external\google\android-json\0.0.20131108.vaadin1\android-json-0.0.20131108.vaadin1.jar;E:\Program Files\mavenLib_ssm\org\springframework\spring-test\5.0.10.RELEASE\spring-test-5.0.10.RELEASE.jar;E:\Program Files\mavenLib_ssm\org\xmlunit\xmlunit-core\2.5.1\xmlunit-core-2.5.1.jar;"/>
    <property name="sun.cpu.endian" value="little"/>
    <property name="user.home" value="C:\Users\john"/>
    <property name="user.language" value="zh"/>
    <property name="java.specification.vendor" value="Oracle Corporation"/>
    <property name="java.home" value="C:\Program Files\Java\jdk1.8.0_45\jre"/>
    <property name="basedir" value="D:\ideaSpace\myspring-transaction"/>
    <property name="file.separator" value="\"/>
    <property name="line.separator" value="&#10;"/>
    <property name="java.vm.specification.vendor" value="Oracle Corporation"/>
    <property name="java.specification.name" value="Java Platform API Specification"/>
    <property name="java.awt.graphicsenv" value="sun.awt.Win32GraphicsEnvironment"/>
    <property name="surefire.real.class.path" value="C:\Users\john\AppData\Local\Temp\surefire4201209258615367332\surefirebooter8994802737775359348.jar"/>
    <property name="sun.boot.class.path" value="C:\Program Files\Java\jdk1.8.0_45\jre\lib\resources.jar;C:\Program Files\Java\jdk1.8.0_45\jre\lib\rt.jar;C:\Program Files\Java\jdk1.8.0_45\jre\lib\sunrsasign.jar;C:\Program Files\Java\jdk1.8.0_45\jre\lib\jsse.jar;C:\Program Files\Java\jdk1.8.0_45\jre\lib\jce.jar;C:\Program Files\Java\jdk1.8.0_45\jre\lib\charsets.jar;C:\Program Files\Java\jdk1.8.0_45\jre\lib\jfr.jar;C:\Program Files\Java\jdk1.8.0_45\jre\classes"/>
    <property name="user.script" value=""/>
    <property name="sun.management.compiler" value="HotSpot 64-Bit Tiered Compilers"/>
    <property name="java.runtime.version" value="1.8.0_45-b14"/>
    <property name="user.name" value="john"/>
    <property name="path.separator" value=";"/>
    <property name="os.version" value="6.1"/>
    <property name="java.endorsed.dirs" value="C:\Program Files\Java\jdk1.8.0_45\jre\lib\endorsed"/>
    <property name="java.runtime.name" value="Java(TM) SE Runtime Environment"/>
    <property name="file.encoding" value="GBK"/>
    <property name="java.vm.name" value="Java HotSpot(TM) 64-Bit Server VM"/>
    <property name="localRepository" value="E:\Program Files\mavenLib_ssm"/>
    <property name="java.vendor.url.bug" value="http://bugreport.sun.com/bugreport/"/>
    <property name="java.io.tmpdir" value="C:\Users\john\AppData\Local\Temp\"/>
    <property name="idea.version" value="2018.2.8"/>
    <property name="java.version" value="1.8.0_45"/>
    <property name="user.dir" value="D:\ideaSpace\myspring-transaction"/>
    <property name="os.arch" value="amd64"/>
    <property name="java.vm.specification.name" value="Java Virtual Machine Specification"/>
    <property name="java.awt.printerjob" value="sun.awt.windows.WPrinterJob"/>
    <property name="sun.os.patch.level" value="Service Pack 1"/>
    <property name="java.library.path" value="C:\Program Files\Java\jdk1.8.0_45\jre\bin;C:\Windows\Sun\Java\bin;C:\Windows\system32;C:\Windows;C:\ProgramData\Oracle\Java\javapath;D:\oracle\product\10.2.0\db_1\bin;C:\Program Files (x86)\NVIDIA Corporation\PhysX\Common;C:\Program Files (x86)\Intel\iCLS Client\;C:\Program Files\Intel\iCLS Client\;C:\Windows\system32;C:\Windows;C:\Windows\System32\Wbem;C:\Windows\System32\WindowsPowerShell\v1.0\;C:\Program Files\Intel\Intel(R) Management Engine Components\DAL;C:\Program Files (x86)\Intel\Intel(R) Management Engine Components\DAL;C:\Program Files\Intel\Intel(R) Management Engine Components\IPT;C:\Program Files (x86)\Intel\Intel(R) Management Engine Components\IPT;C:\Program Files\Intel\WiFi\bin\;C:\Program Files\Common Files\Intel\WirelessCommon\;C:\Program Files\Lenovo\Fingerprint Manager Pro\;C:\Program Files (x86)\Common Files\Lenovo;C:\SWTOOLS\ReadyApps;C:\Program Files\Java\jdk1.8.0_45\bin;C:\Program Files\Java\jdk1.8.0_45\jre\bin;C:\Program Files\TortoiseSVN\bin;D:\work\android\apache-ant\apache-ant-1.9.6\bin;D:\work\android\apache-ant\apache-ant-1.9.6\lib;D:\work\maven\apache-maven-3.0.5\bin;C:\Program Files (x86)\MySQL\MySQL Server 5.6\bin;D:\work\android\adt-bundle-windows-x86_64-20131030\sdk\tools;C:\Program Files (x86)\MySQL\MySQL Fabric 1.5.3 &amp; MySQL Utilities 1.5.3 1.5\;C:\Program Files (x86)\MySQL\MySQL Fabric 1.5.3 &amp; MySQL Utilities 1.5.3 1.5\Doctrine extensions for PHP\;D:\soft\Gradle\gradle-4.8.1\bin;D:\installedSoft\RibbitMQ\rabbitmq_server-3.7.15\sbin;D:\installedSoft\Ellang\erl10.4\bin;;."/>
    <property name="java.vm.info" value="mixed mode"/>
    <property name="java.vendor" value="Oracle Corporation"/>
    <property name="java.vm.version" value="25.45-b02"/>
    <property name="java.ext.dirs" value="C:\Program Files\Java\jdk1.8.0_45\jre\lib\ext;C:\Windows\Sun\Java\lib\ext"/>
    <property name="sun.io.unicode.encoding" value="UnicodeLittle"/>
    <property name="maven.repo.local" value="E:\Program Files\mavenLib_ssm"/>
    <property name="java.class.version" value="52.0"/>
  </properties>
  <testcase name="addData" classname="com.muyan.springboot.myspringtransaction.service.UserServiceTest" time="0"/>
</testsuite>